#EMPLOYEE_ID,FIRST_NAME,LAST_NAME,EMAIL,PHONE,HIRE_DATE,MANAGER_ID,JOB_TITLE
56,Evie,Harrison,evie.harrison@example.com,011.44.1344.486508,11/23/2016 00:00:00,46,Sales Representative
57,Scarlett,Gibson,scarlett.gibson@example.com,011.44.1345.429268,01/30/2016 00:00:00,47,Sales Representative
58,Ruby,Mcdonald,ruby.mcdonald@example.com,011.44.1345.929268,03/04/2016 00:00:00,47,Sales Representative
59,Chloe,Cruz,chloe.cruz@example.com,011.44.1345.829268,08/01/2016 00:00:00,47,Sales Representative
60,Isabelle,Marshall,isabelle.marshall@example.com,011.44.1345.729268,03/10/2016 00:00:00,47,Sales Representative
61,Daisy,Ortiz,daisy.ortiz@example.com,011.44.1345.629268,12/15/2016 00:00:00,47,Sales Representative
62,Freya,Gomez,freya.gomez@example.com,011.44.1345.529268,11/03/2016 00:00:00,47,Sales Representative
80,Elizabeth,Dixon,elizabeth.dixon@example.com,011.44.1644.429262,01/04/2016 00:00:00,50,Sales Representative
64,Florence,Freeman,florence.freeman@example.com,011.44.1346.229268,03/19/2016 00:00:00,48,Sales Representative
65,Alice,Wells,alice.wells@example.com,011.44.1346.329268,01/24/2016 00:00:00,48,Sales Representative
66,Charlotte,Webb,charlotte.webb@example.com,011.44.1346.529268,02/23/2016 00:00:00,48,Sales Representative
67,Sienna,Simpson,sienna.simpson@example.com,011.44.1346.629268,03/24/2016 00:00:00,48,Sales Representative
68,Matilda,Stevens,matilda.stevens@example.com,011.44.1346.729268,04/21/2016 00:00:00,48,Sales Representative
69,Evelyn,Tucker,evelyn.tucker@example.com,011.44.1343.929268,03/11/2016 00:00:00,49,Sales Representative
70,Eva,Porter,eva.porter@example.com,011.44.1343.829268,03/23/2016 00:00:00,49,Sales Representative
71,Millie,Hunter,millie.hunter@example.com,011.44.1343.729268,01/24/2016 00:00:00,49,Sales Representative
72,Sofia,Hicks,sofia.hicks@example.com,011.44.1343.629268,02/23/2016 00:00:00,49,Sales Representative
73,Lucy,Crawford,lucy.crawford@example.com,011.44.1343.529268,03/24/2016 00:00:00,49,Sales Representative
74,Elsie,Henry,elsie.henry@example.com,011.44.1343.329268,04/21/2016 00:00:00,49,Sales Representative
75,Imogen,Boyd,imogen.boyd@example.com,011.44.1644.429267,05/11/2016 00:00:00,50,Sales Representative
76,Layla,Mason,layla.mason@example.com,011.44.1644.429266,03/19/2016 00:00:00,50,Sales Representative
77,Rosie,Morales,rosie.morales@example.com,011.44.1644.429265,03/24/2016 00:00:00,50,Sales Representative
78,Maya,Kennedy,maya.kennedy@example.com,011.44.1644.429264,04/23/2016 00:00:00,50,Sales Representative
79,Esme,Warren,esme.warren@example.com,011.44.1644.429263,05/24/2016 00:00:00,50,Sales Representative
55,Grace,Ellis,grace.ellis@example.com,011.44.1344.987668,12/09/2016 00:00:00,46,Sales Representative
54,Lily,Fisher,lily.fisher@example.com,011.44.1344.498718,03/30/2016 00:00:00,46,Sales Representative
53,Sophia,Reynolds,sophia.reynolds@example.com,011.44.1344.478968,08/20/2016 00:00:00,46,Sales Representative
52,Sophie,Owens,sophie.owens@example.com,011.44.1344.345268,03/24/2016 00:00:00,46,Sales Representative
51,Poppy,Jordan,poppy.jordan@example.com,011.44.1344.129268,01/30/2016 00:00:00,46,Sales Representative
63,Phoebe,Murray,phoebe.murray@example.com,011.44.1346.129268,11/11/2016 00:00:00,48,Sales Representative
